Arguments: 
  D:\Program Files\nodejs\node.exe E:\Programs\nodeRepository\node_global\node_modules\yarn\bin\yarn.js add jquery

PATH: 
  D:\Program Files\Python27\;C:\Windows\system32;C:\Windows;C:\Windows\System32\Wbem;C:\Windows\System32\WindowsPowerShell\v1.0\;C:\Program Files (x86)\NVIDIA Corporation\PhysX\Common;C:\Program Files\MySQL\MySQL Utilities 1.6\;C:\Program Files\MySQL\MySQL Server 5.7\bin;D:\Program Files\Java\jdk1.8.0_144\bin;D:\Program Files\Java\jdk1.8.0_144\jre\bin;D:\Program Files\Git\cmd;D:\Program Files\apache-maven-3.5.0\bin;D:\Program Files\apache-tomcat-7.0.77\bin;D:\Program Files\apache-maven-3.5.0/bin;D:\Program Files\PuTTY\;E:\Programs\nodeRepository\node_global;D:\Program Files\MongoDB\Server\3.6\bin;D:\Program Files (x86)\WinSCP\;D:\Program Files\frp_0.16.1_windows_amd64;D:\Program Files\gradle-4.9\bin;D:\Program Files\elasticsearch-6.2.3\bin;D:\Program Files\Microsoft VS Code\bin;D:\Program Files\TortoiseGit\bin;D:\Program Files\nodejs\;D:\Program Files\flutter\bin;;D:\Program Files\Microsoft VS Code\bin;E:\Programs\nodeRepository;C:\Users\Cin\AppData\Roaming\npm;D:\Program Files\JetBrains\IntelliJ IDEA 2018.3.5\bin;

Yarn version: 
  1.13.0

Node version: 
  10.15.3

Platform: 
  win32 x64

Trace: 
  Error: ENOENT: no such file or directory, copyfile 'C:\Users\Cin\AppData\Local\Yarn\Cache\v4\npm-inherits-2.0.1-b17d08d326b4423e568eff719f91b0b1cbdf69f1\node_modules\inherits\inherits.js' -> 'E:\Programs\Web\full-stack-learning\node_modules\assert\node_modules\inherits\inherits.js'

npm manifest: 
  {
    "dependencies": {
      "babel-core": "^6.26.3",
      "babel-loader": "^7.1.5",
      "cross-env": "^5.2.0",
      "eslint": "^5.2.0",
      "eslint-loader": "^2.1.0",
      "html-webpack-plugin": "^3.2.0",
      "react": "^16.4.1",
      "react-hot-loader": "^4.3.4",
      "react-router": "^4.3.1",
      "react-router-dom": "^4.3.1",
      "webpack": "^4.16.3",
      "webpack-cli": "^3.1.0",
      "webpack-merge": "^4.1.3"
    },
    "devDependencies": {
      "cross-env": "^5.2.0",
      "webpack-dev-server": "^3.1.5"
    }
  }

yarn manifest: 
  No manifest

Lockfile: 
  No lockfile
